This is XeTeX, Version 3.14159265-2.6-0.999992 (TeX Live 2020) (preloaded format=xelatex 2020.11.24)  21 JUN 2021 17:05
entering extended mode
 restricted \write18 enabled.
 %&-line parsing enabled.
**supervision-guide.tex
(./supervision-guide.tex
LaTeX2e <2020-02-02> patch level 5
L3 programming layer <2020-03-06> (/usr/local/texlive/2020/texmf-dist/tex/latex
/base/book.cls
Document Class: book 2019/12/20 v1.4l Standard LaTeX document class
(/usr/local/texlive/2020/texmf-dist/tex/latex/base/bk10.clo
File: bk10.clo 2019/12/20 v1.4l Standard LaTeX file (size option)
)
\c@part=\count163
\c@chapter=\count164
\c@section=\count165
\c@subsection=\count166
\c@subsubsection=\count167
\c@paragraph=\count168
\c@subparagraph=\count169
\c@figure=\count170
\c@table=\count171
\abovecaptionskip=\skip47
\belowcaptionskip=\skip48
\bibindent=\dimen134
) (/usr/local/texlive/2020/texmf-dist/tex/latex/lm/lmodern.sty
Package: lmodern 2009/10/30 v1.6 Latin Modern Fonts
LaTeX Font Info:    Overwriting symbol font `operators' in version `normal'
(Font)                  OT1/cmr/m/n --> OT1/lmr/m/n on input line 22.
LaTeX Font Info:    Overwriting symbol font `letters' in version `normal'
(Font)                  OML/cmm/m/it --> OML/lmm/m/it on input line 23.
LaTeX Font Info:    Overwriting symbol font `symbols' in version `normal'
(Font)                  OMS/cmsy/m/n --> OMS/lmsy/m/n on input line 24.
LaTeX Font Info:    Overwriting symbol font `largesymbols' in version `normal'
(Font)                  OMX/cmex/m/n --> OMX/lmex/m/n on input line 25.
LaTeX Font Info:    Overwriting symbol font `operators' in version `bold'
(Font)                  OT1/cmr/bx/n --> OT1/lmr/bx/n on input line 26.
LaTeX Font Info:    Overwriting symbol font `letters' in version `bold'
(Font)                  OML/cmm/b/it --> OML/lmm/b/it on input line 27.
LaTeX Font Info:    Overwriting symbol font `symbols' in version `bold'
(Font)                  OMS/cmsy/b/n --> OMS/lmsy/b/n on input line 28.
LaTeX Font Info:    Overwriting symbol font `largesymbols' in version `bold'
(Font)                  OMX/cmex/m/n --> OMX/lmex/m/n on input line 29.
LaTeX Font Info:    Overwriting math alphabet `\mathbf' in version `normal'
(Font)                  OT1/cmr/bx/n --> OT1/lmr/bx/n on input line 31.
LaTeX Font Info:    Overwriting math alphabet `\mathsf' in version `normal'
(Font)                  OT1/cmss/m/n --> OT1/lmss/m/n on input line 32.
LaTeX Font Info:    Overwriting math alphabet `\mathit' in version `normal'
(Font)                  OT1/cmr/m/it --> OT1/lmr/m/it on input line 33.
LaTeX Font Info:    Overwriting math alphabet `\mathtt' in version `normal'
(Font)                  OT1/cmtt/m/n --> OT1/lmtt/m/n on input line 34.
LaTeX Font Info:    Overwriting math alphabet `\mathbf' in version `bold'
(Font)                  OT1/cmr/bx/n --> OT1/lmr/bx/n on input line 35.
LaTeX Font Info:    Overwriting math alphabet `\mathsf' in version `bold'
(Font)                  OT1/cmss/bx/n --> OT1/lmss/bx/n on input line 36.
LaTeX Font Info:    Overwriting math alphabet `\mathit' in version `bold'
(Font)                  OT1/cmr/bx/it --> OT1/lmr/bx/it on input line 37.
LaTeX Font Info:    Overwriting math alphabet `\mathtt' in version `bold'
(Font)                  OT1/cmtt/m/n --> OT1/lmtt/m/n on input line 38.
) (/usr/local/texlive/2020/texmf-dist/tex/latex/amsmath/amsmath.sty
Package: amsmath 2020/01/20 v2.17e AMS math features
\@mathmargin=\skip49
For additional information on amsmath, use the `?' option.
(/usr/local/texlive/2020/texmf-dist/tex/latex/amsmath/amstext.sty
Package: amstext 2000/06/29 v2.01 AMS text
(/usr/local/texlive/2020/texmf-dist/tex/latex/amsmath/amsgen.sty
File: amsgen.sty 1999/11/30 v2.0 generic functions
\@emptytoks=\toks15
\ex@=\dimen135
)) (/usr/local/texlive/2020/texmf-dist/tex/latex/amsmath/amsbsy.sty
Package: amsbsy 1999/11/29 v1.2d Bold Symbols
\pmbraise@=\dimen136
) (/usr/local/texlive/2020/texmf-dist/tex/latex/amsmath/amsopn.sty
Package: amsopn 2016/03/08 v2.02 operator names
)
\inf@bad=\count172
LaTeX Info: Redefining \frac on input line 227.
\uproot@=\count173
\leftroot@=\count174
LaTeX Info: Redefining \overline on input line 389.
\classnum@=\count175
\DOTSCASE@=\count176
LaTeX Info: Redefining \ldots on input line 486.
LaTeX Info: Redefining \dots on input line 489.
LaTeX Info: Redefining \cdots on input line 610.
\Mathstrutbox@=\box45
\strutbox@=\box46
\big@size=\dimen137
LaTeX Font Info:    Redeclaring font encoding OML on input line 733.
LaTeX Font Info:    Redeclaring font encoding OMS on input line 734.
\macc@depth=\count177
\c@MaxMatrixCols=\count178
\dotsspace@=\muskip16
\c@parentequation=\count179
\dspbrk@lvl=\count180
\tag@help=\toks16
\row@=\count181
\column@=\count182
\maxfields@=\count183
\andhelp@=\toks17
\eqnshift@=\dimen138
\alignsep@=\dimen139
\tagshift@=\dimen140
\tagwidth@=\dimen141
\totwidth@=\dimen142
\lineht@=\dimen143
\@envbody=\toks18
\multlinegap=\skip50
\multlinetaggap=\skip51
\mathdisplay@stack=\toks19
LaTeX Info: Redefining \[ on input line 2859.
LaTeX Info: Redefining \] on input line 2860.
) (/usr/local/texlive/2020/texmf-dist/tex/generic/iftex/ifxetex.sty
Package: ifxetex 2019/10/25 v0.7 ifxetex legacy package. Use iftex instead.
(/usr/local/texlive/2020/texmf-dist/tex/generic/iftex/iftex.sty
Package: iftex 2020/03/06 v1.0d TeX engine tests
)) (/usr/local/texlive/2020/texmf-dist/tex/generic/iftex/ifluatex.sty
Package: ifluatex 2019/10/25 v1.5 ifluatex legacy package. Use iftex instead.
) (/usr/local/texlive/2020/texmf-dist/tex/latex/unicode-math/unicode-math.sty (
/usr/local/texlive/2020/texmf-dist/tex/latex/l3kernel/expl3.sty
Package: expl3 2020-03-06 L3 programming layer (loader) 

(/usr/local/texlive/2020/texmf-dist/tex/latex/l3backend/l3backend-xdvipdfmx.def
File: l3backend-xdvipdfmx.def 2020-03-12 L3 backend support: xdvipdfmx
\g__graphics_track_int=\count184
\l__pdf_internal_box=\box47
\g__pdf_backend_object_int=\count185
\g__pdf_backend_annotation_int=\count186
))
Package: unicode-math 2020/01/31 v0.8q Unicode maths in XeLaTeX and LuaLaTeX

(/usr/local/texlive/2020/texmf-dist/tex/latex/unicode-math/unicode-math-xetex.s
ty
Package: unicode-math-xetex 2020/01/31 v0.8q Unicode maths in XeLaTeX and LuaLa
TeX
(/usr/local/texlive/2020/texmf-dist/tex/latex/l3packages/xparse/xparse.sty
Package: xparse 2020-03-06 L3 Experimental document command parser
\l__xparse_current_arg_int=\count187
\g__xparse_grabber_int=\count188
\l__xparse_m_args_int=\count189
\l__xparse_v_nesting_int=\count190
) (/usr/local/texlive/2020/texmf-dist/tex/latex/l3packages/l3keys2e/l3keys2e.st
y
Package: l3keys2e 2020-03-06 LaTeX2e option processing using LaTeX3 keys
) (/usr/local/texlive/2020/texmf-dist/tex/latex/fontspec/fontspec.sty
Package: fontspec 2020/02/21 v2.7i Font selection for XeLaTeX and LuaLaTeX
(/usr/local/texlive/2020/texmf-dist/tex/latex/fontspec/fontspec-xetex.sty
Package: fontspec-xetex 2020/02/21 v2.7i Font selection for XeLaTeX and LuaLaTe
X
\l__fontspec_script_int=\count191
\l__fontspec_language_int=\count192
\l__fontspec_strnum_int=\count193
\l__fontspec_tmp_int=\count194
\l__fontspec_tmpa_int=\count195
\l__fontspec_tmpb_int=\count196
\l__fontspec_tmpc_int=\count197
\l__fontspec_em_int=\count198
\l__fontspec_emdef_int=\count199
\l__fontspec_strong_int=\count266
\l__fontspec_strongdef_int=\count267
\l__fontspec_tmpa_dim=\dimen144
\l__fontspec_tmpb_dim=\dimen145
\l__fontspec_tmpc_dim=\dimen146
(/usr/local/texlive/2020/texmf-dist/tex/latex/base/fontenc.sty
Package: fontenc 2020/02/11 v2.0o Standard LaTeX package
) (/usr/local/texlive/2020/texmf-dist/tex/latex/fontspec/fontspec.cfg))) (/usr/
local/texlive/2020/texmf-dist/tex/latex/base/fix-cm.sty
Package: fix-cm 2015/01/14 v1.1t fixes to LaTeX
(/usr/local/texlive/2020/texmf-dist/tex/latex/base/ts1enc.def
File: ts1enc.def 2001/06/05 v3.0e (jk/car/fm) Standard LaTeX file
LaTeX Font Info:    Redeclaring font encoding TS1 on input line 47.
))
\g__um_fam_int=\count268
\g__um_fonts_used_int=\count269
\l__um_primecount_int=\count270
\g__um_primekern_muskip=\muskip17

(/usr/local/texlive/2020/texmf-dist/tex/latex/unicode-math/unicode-math-table.t
ex))) (/usr/local/texlive/2020/texmf-dist/tex/latex/upquote/upquote.sty
Package: upquote 2012/04/19 v1.3 upright-quote and grave-accent glyphs in verba
tim
(/usr/local/texlive/2020/texmf-dist/tex/latex/base/textcomp.sty
Package: textcomp 2020/02/02 v2.0n Standard LaTeX package
)) (/usr/local/texlive/2020/texmf-dist/tex/latex/microtype/microtype.sty
Package: microtype 2019/11/18 v2.7d Micro-typographical refinements (RS)
(/usr/local/texlive/2020/texmf-dist/tex/latex/graphics/keyval.sty
Package: keyval 2014/10/28 v1.15 key=value parser (DPC)
\KV@toks@=\toks20
)
\MT@toks=\toks21
\MT@count=\count271
LaTeX Info: Redefining \textls on input line 790.
\MT@outer@kern=\dimen147
LaTeX Info: Redefining \textmicrotypecontext on input line 1354.
\MT@listname@count=\count272
(/usr/local/texlive/2020/texmf-dist/tex/latex/microtype/microtype-xetex.def
File: microtype-xetex.def 2019/11/18 v2.7d Definitions specific to xetex (RS)
LaTeX Info: Redefining \lsstyle on input line 258.
)
Package microtype Info: Loading configuration file microtype.cfg.
(/usr/local/texlive/2020/texmf-dist/tex/latex/microtype/microtype.cfg
File: microtype.cfg 2019/11/18 v2.7d microtype main configuration file (RS)
)) (/usr/local/texlive/2020/texmf-dist/tex/latex/parskip/parskip.sty
Package: parskip 2020-01-22 v2.0d non-zero parskip adjustments
(/usr/local/texlive/2020/texmf-dist/tex/latex/kvoptions/kvoptions.sty
Package: kvoptions 2019/11/29 v3.13 Key value format for package options (HO)
(/usr/local/texlive/2020/texmf-dist/tex/generic/ltxcmds/ltxcmds.sty
Package: ltxcmds 2019/12/15 v1.24 LaTeX kernel commands for general use (HO)
) (/usr/local/texlive/2020/texmf-dist/tex/generic/kvsetkeys/kvsetkeys.sty
Package: kvsetkeys 2019/12/15 v1.18 Key value parser (HO)
)) (/usr/local/texlive/2020/texmf-dist/tex/latex/etoolbox/etoolbox.sty
Package: etoolbox 2019/09/21 v2.5h e-TeX tools for LaTeX (JAW)
\etb@tempcnta=\count273
)) (/usr/local/texlive/2020/texmf-dist/tex/latex/xcolor/xcolor.sty
Package: xcolor 2016/05/11 v2.12 LaTeX color extensions (UK)
(/usr/local/texlive/2020/texmf-dist/tex/latex/graphics-cfg/color.cfg
File: color.cfg 2016/01/02 v1.6 sample color configuration
)
Package xcolor Info: Driver file: xetex.def on input line 225.
(/usr/local/texlive/2020/texmf-dist/tex/latex/graphics-def/xetex.def
File: xetex.def 2017/06/24 v5.0h Graphics/color driver for xetex
)
Package xcolor Info: Model `cmy' substituted by `cmy0' on input line 1348.
Package xcolor Info: Model `RGB' extended on input line 1364.
Package xcolor Info: Model `HTML' substituted by `rgb' on input line 1366.
Package xcolor Info: Model `Hsb' substituted by `hsb' on input line 1367.
Package xcolor Info: Model `tHsb' substituted by `hsb' on input line 1368.
Package xcolor Info: Model `HSB' substituted by `hsb' on input line 1369.
Package xcolor Info: Model `Gray' substituted by `gray' on input line 1370.
Package xcolor Info: Model `wave' substituted by `hsb' on input line 1371.
) (/usr/local/texlive/2020/texmf-dist/tex/latex/xurl/xurl.sty
Package: xurl 2020/01/24 v 0.09 modify URL breaks
(/usr/local/texlive/2020/texmf-dist/tex/latex/url/url.sty
\Urlmuskip=\muskip18
Package: url 2013/09/16  ver 3.4  Verb mode for urls, etc.
)) (/usr/local/texlive/2020/texmf-dist/tex/latex/bookmark/bookmark.sty
Package: bookmark 2019/12/03 v1.28 PDF bookmarks (HO)
(/usr/local/texlive/2020/texmf-dist/tex/latex/hyperref/hyperref.sty
Package: hyperref 2020/01/14 v7.00d Hypertext links for LaTeX
(/usr/local/texlive/2020/texmf-dist/tex/latex/pdftexcmds/pdftexcmds.sty
Package: pdftexcmds 2019/11/24 v0.31 Utility functions of pdfTeX for LuaTeX (HO
)
(/usr/local/texlive/2020/texmf-dist/tex/generic/infwarerr/infwarerr.sty
Package: infwarerr 2019/12/03 v1.5 Providing info/warning/error messages (HO)
)
Package pdftexcmds Info: \pdf@primitive is available.
Package pdftexcmds Info: \pdf@ifprimitive is available.
Package pdftexcmds Info: \pdfdraftmode not found.
) (/usr/local/texlive/2020/texmf-dist/tex/generic/kvdefinekeys/kvdefinekeys.sty
Package: kvdefinekeys 2019-12-19 v1.6 Define keys (HO)
) (/usr/local/texlive/2020/texmf-dist/tex/generic/pdfescape/pdfescape.sty
Package: pdfescape 2019/12/09 v1.15 Implements pdfTeX's escape features (HO)
) (/usr/local/texlive/2020/texmf-dist/tex/latex/hycolor/hycolor.sty
Package: hycolor 2020-01-27 v1.10 Color options for hyperref/bookmark (HO)
) (/usr/local/texlive/2020/texmf-dist/tex/latex/letltxmacro/letltxmacro.sty
Package: letltxmacro 2019/12/03 v1.6 Let assignment for LaTeX macros (HO)
) (/usr/local/texlive/2020/texmf-dist/tex/latex/auxhook/auxhook.sty
Package: auxhook 2019-12-17 v1.6 Hooks for auxiliary files (HO)
)
\@linkdim=\dimen148
\Hy@linkcounter=\count274
\Hy@pagecounter=\count275
(/usr/local/texlive/2020/texmf-dist/tex/latex/hyperref/pd1enc.def
File: pd1enc.def 2020/01/14 v7.00d Hyperref: PDFDocEncoding definition (HO)
) (/usr/local/texlive/2020/texmf-dist/tex/generic/intcalc/intcalc.sty
Package: intcalc 2019/12/15 v1.3 Expandable calculations with integers (HO)
) (/usr/local/texlive/2020/texmf-dist/tex/generic/etexcmds/etexcmds.sty
Package: etexcmds 2019/12/15 v1.7 Avoid name clashes with e-TeX commands (HO)
)
\Hy@SavedSpaceFactor=\count276
Package hyperref Info: Option `unicode' set `true' on input line 4421.
(/usr/local/texlive/2020/texmf-dist/tex/latex/hyperref/puenc.def
File: puenc.def 2020/01/14 v7.00d Hyperref: PDF Unicode definition (HO)
)
Package hyperref Info: Hyper figures OFF on input line 4547.
Package hyperref Info: Link nesting OFF on input line 4552.
Package hyperref Info: Hyper index ON on input line 4555.
Package hyperref Info: Plain pages OFF on input line 4562.
Package hyperref Info: Backreferencing OFF on input line 4567.
Package hyperref Info: Implicit mode ON; LaTeX internals redefined.
Package hyperref Info: Bookmarks ON on input line 4800.
\c@Hy@tempcnt=\count277
LaTeX Info: Redefining \url on input line 5159.
\XeTeXLinkMargin=\dimen149
(/usr/local/texlive/2020/texmf-dist/tex/generic/bitset/bitset.sty
Package: bitset 2019/12/09 v1.3 Handle bit-vector datatype (HO)
(/usr/local/texlive/2020/texmf-dist/tex/generic/bigintcalc/bigintcalc.sty
Package: bigintcalc 2019/12/15 v1.5 Expandable calculations on big integers (HO
)
))
\Fld@menulength=\count278
\Field@Width=\dimen150
\Fld@charsize=\dimen151
Package hyperref Info: Hyper figures OFF on input line 6430.
Package hyperref Info: Link nesting OFF on input line 6435.
Package hyperref Info: Hyper index ON on input line 6438.
Package hyperref Info: backreferencing OFF on input line 6445.
Package hyperref Info: Link coloring OFF on input line 6450.
Package hyperref Info: Link coloring with OCG OFF on input line 6455.
Package hyperref Info: PDF/A mode OFF on input line 6460.
LaTeX Info: Redefining \ref on input line 6500.
LaTeX Info: Redefining \pageref on input line 6504.
(/usr/local/texlive/2020/texmf-dist/tex/generic/atbegshi/atbegshi.sty
Package: atbegshi 2019/12/05 v1.19 At begin shipout hook (HO)
)
\Hy@abspage=\count279
\c@Item=\count280
\c@Hfootnote=\count281
)
Package hyperref Info: Driver (autodetected): hxetex.
(/usr/local/texlive/2020/texmf-dist/tex/latex/hyperref/hxetex.def
File: hxetex.def 2020/01/14 v7.00d Hyperref driver for XeTeX
(/usr/local/texlive/2020/texmf-dist/tex/generic/stringenc/stringenc.sty
Package: stringenc 2019/11/29 v1.12 Convert strings between diff. encodings (HO
)
)
\pdfm@box=\box48
\c@Hy@AnnotLevel=\count282
\HyField@AnnotCount=\count283
\Fld@listcount=\count284
\c@bookmark@seq@number=\count285

(/usr/local/texlive/2020/texmf-dist/tex/latex/rerunfilecheck/rerunfilecheck.sty
Package: rerunfilecheck 2019/12/05 v1.9 Rerun checks for auxiliary files (HO)
(/usr/local/texlive/2020/texmf-dist/tex/latex/atveryend/atveryend.sty
Package: atveryend 2019-12-11 v1.11 Hooks at the very end of document (HO)
)
(/usr/local/texlive/2020/texmf-dist/tex/generic/uniquecounter/uniquecounter.sty
Package: uniquecounter 2019/12/15 v1.4 Provide unlimited unique counter (HO)
)
Package uniquecounter Info: New unique counter `rerunfilecheck' on input line 2
86.
)
\Hy@SectionHShift=\skip52
) (/usr/local/texlive/2020/texmf-dist/tex/latex/bookmark/bkm-dvipdfm.def
File: bkm-dvipdfm.def 2019/12/03 v1.28 bookmark driver for dvipdfm (HO)
\BKM@id=\count286
)) (/usr/local/texlive/2020/texmf-dist/tex/latex/fancyvrb/fancyvrb.sty
Package: fancyvrb 2020/01/13 v3.5 verbatim text (tvz,hv)
\FV@CodeLineNo=\count287
\FV@InFile=\read2
\FV@TabBox=\box49
\c@FancyVerbLine=\count288
\FV@StepNumber=\count289
\FV@OutFile=\write3
) (/usr/local/texlive/2020/texmf-dist/tex/latex/framed/framed.sty
Package: framed 2011/10/22 v 0.96: framed or shaded text with page breaks
\OuterFrameSep=\skip53
\fb@frw=\dimen152
\fb@frh=\dimen153
\FrameRule=\dimen154
\FrameSep=\dimen155
) (/usr/local/texlive/2020/texmf-dist/tex/latex/tools/longtable.sty
Package: longtable 2020/01/07 v4.13 Multi-page Table package (DPC)
\LTleft=\skip54
\LTright=\skip55
\LTpre=\skip56
\LTpost=\skip57
\LTchunksize=\count290
\LTcapwidth=\dimen156
\LT@head=\box50
\LT@firsthead=\box51
\LT@foot=\box52
\LT@lastfoot=\box53
\LT@cols=\count291
\LT@rows=\count292
\c@LT@tables=\count293
\c@LT@chunks=\count294
\LT@p@ftn=\toks22
) (/usr/local/texlive/2020/texmf-dist/tex/latex/booktabs/booktabs.sty
Package: booktabs 2020/01/12 v1.61803398 Publication quality tables
\heavyrulewidth=\dimen157
\lightrulewidth=\dimen158
\cmidrulewidth=\dimen159
\belowrulesep=\dimen160
\belowbottomsep=\dimen161
\aboverulesep=\dimen162
\abovetopsep=\dimen163
\cmidrulesep=\dimen164
\cmidrulekern=\dimen165
\defaultaddspace=\dimen166
\@cmidla=\count295
\@cmidlb=\count296
\@aboverulesep=\dimen167
\@belowrulesep=\dimen168
\@thisruleclass=\count297
\@lastruleclass=\count298
\@thisrulewidth=\dimen169
) (/usr/local/texlive/2020/texmf-dist/tex/latex/tools/calc.sty
Package: calc 2017/05/25 v4.3 Infix arithmetic (KKT,FJ)
\calc@Acount=\count299
\calc@Bcount=\count300
\calc@Adimen=\dimen170
\calc@Bdimen=\dimen171
\calc@Askip=\skip58
\calc@Bskip=\skip59
LaTeX Info: Redefining \setlength on input line 80.
LaTeX Info: Redefining \addtolength on input line 81.
\calc@Ccount=\count301
\calc@Cskip=\skip60
) (/usr/local/texlive/2020/texmf-dist/tex/latex/footnotehyper/footnotehyper.sty
Package: footnotehyper 2019/11/07 v1.1a hyperref aware footnote.sty (JFB)
\FNH@notes=\box54
\FNH@width=\dimen172
) (/usr/local/texlive/2020/texmf-dist/tex/latex/graphics/graphicx.sty
Package: graphicx 2019/11/30 v1.2a Enhanced LaTeX Graphics (DPC,SPQR)
(/usr/local/texlive/2020/texmf-dist/tex/latex/graphics/graphics.sty
Package: graphics 2019/11/30 v1.4a Standard LaTeX Graphics (DPC,SPQR)
(/usr/local/texlive/2020/texmf-dist/tex/latex/graphics/trig.sty
Package: trig 2016/01/03 v1.10 sin cos tan (DPC)
) (/usr/local/texlive/2020/texmf-dist/tex/latex/graphics-cfg/graphics.cfg
File: graphics.cfg 2016/06/04 v1.11 sample graphics configuration
)
Package graphics Info: Driver file: xetex.def on input line 105.
)
\Gin@req@height=\dimen173
\Gin@req@width=\dimen174
) (/usr/local/texlive/2020/texmf-dist/tex/latex/amscls/amsthm.sty
Package: amsthm 2017/10/31 v2.20.4
\thm@style=\toks23
\thm@bodyfont=\toks24
\thm@headfont=\toks25
\thm@notefont=\toks26
\thm@headpunct=\toks27
\thm@preskip=\skip61
\thm@postskip=\skip62
\thm@headsep=\skip63
\dth@everypar=\toks28
) (/usr/local/texlive/2020/texmf-dist/tex/latex/tools/array.sty
Package: array 2019/08/31 v2.4l Tabular extension package (FMi)
\col@sep=\dimen175
\ar@mcellbox=\box55
\extrarowheight=\dimen176
\NC@list=\toks29
\extratabsurround=\skip64
\backup@length=\skip65
\ar@cellbox=\box56
) (/usr/local/texlive/2020/texmf-dist/tex/latex/multirow/multirow.sty
Package: multirow 2019/05/31 v2.5 Span multiple rows of a table
\multirow@colwidth=\skip66
\multirow@cntb=\count302
\multirow@dima=\skip67
\bigstrutjot=\dimen177
) (/usr/local/texlive/2020/texmf-dist/tex/latex/wrapfig/wrapfig.sty
\wrapoverhang=\dimen178
\WF@size=\dimen179
\c@WF@wrappedlines=\count303
\WF@box=\box57
\WF@everypar=\toks30
Package: wrapfig 2003/01/31  v 3.6
) (/usr/local/texlive/2020/texmf-dist/tex/latex/float/float.sty
Package: float 2001/11/08 v1.3d Float enhancements (AL)
\c@float@type=\count304
\float@exts=\toks31
\float@box=\box58
\@float@everytoks=\toks32
\@floatcapt=\box59
) (/usr/local/texlive/2020/texmf-dist/tex/latex/colortbl/colortbl.sty
Package: colortbl 2020/01/04 v1.0e Color table columns (DPC)
\everycr=\toks33
\minrowclearance=\skip68
) (/usr/local/texlive/2020/texmf-dist/tex/latex/pdflscape/pdflscape.sty
Package: pdflscape 2019/12/05 v0.12 Display of landscape pages in PDF (HO)
(/usr/local/texlive/2020/texmf-dist/tex/latex/graphics/lscape.sty
Package: lscape 2000/10/22 v3.01 Landscape Pages (DPC)
)
Package pdflscape Info: Auto-detected driver: dvipdfm (xetex) on input line 98.

) (/usr/local/texlive/2020/texmf-dist/tex/latex/tabu/tabu.sty
Package: tabu 2019/01/11 v2.9 - flexible LaTeX tabulars (FC+tabu-fixed)
(/usr/local/texlive/2020/texmf-dist/tex/latex/varwidth/varwidth.sty
Package: varwidth 2009/03/30 ver 0.92;  Variable-width minipages
\@vwid@box=\box60
\sift@deathcycles=\count305
\@vwid@loff=\dimen180
\@vwid@roff=\dimen181
)
\c@taburow=\count306
\tabu@nbcols=\count307
\tabu@cnt=\count308
\tabu@Xcol=\count309
\tabu@alloc=\count310
\tabu@nested=\count311
\tabu@target=\dimen182
\tabu@spreadtarget=\dimen183
\tabu@naturalX=\dimen184
\tabucolX=\dimen185
\tabu@Xsum=\dimen186
\extrarowdepth=\dimen187
\abovetabulinesep=\dimen188
\belowtabulinesep=\dimen189
\tabustrutrule=\dimen190
\tabu@thebody=\toks34
\tabu@footnotes=\toks35
\tabu@box=\box61
\tabu@arstrutbox=\box62
\tabu@hleads=\box63
\tabu@vleads=\box64
\tabu@cellskip=\skip69
)
(/usr/local/texlive/2020/texmf-dist/tex/latex/threeparttable/threeparttable.sty
Package: threeparttable 2003/06/13  v 3.0
\@tempboxb=\box65
)
(/usr/local/texlive/2020/texmf-dist/tex/latex/threeparttablex/threeparttablex.s
ty
Package: threeparttablex 2013/07/23 v0.3 by daleif
(/usr/local/texlive/2020/texmf-dist/tex/latex/environ/environ.sty
Package: environ 2014/05/04 v0.3 A new way to define environments
(/usr/local/texlive/2020/texmf-dist/tex/latex/trimspaces/trimspaces.sty
Package: trimspaces 2009/09/17 v1.1 Trim spaces around a token list
))
\TPTL@width=\skip70
) (/usr/local/texlive/2020/texmf-dist/tex/generic/ulem/ulem.sty
\UL@box=\box66
\UL@hyphenbox=\box67
\UL@skip=\skip71
\UL@hook=\toks36
\UL@height=\dimen191
\UL@pe=\count312
\UL@pixel=\dimen192
\ULC@box=\box68
Package: ulem 2019/11/18
\ULdepth=\dimen193
) (/usr/local/texlive/2020/texmf-dist/tex/latex/makecell/makecell.sty
Package: makecell 2009/08/03 V0.1e Managing of Tab Column Heads and Cells
\rotheadsize=\dimen194
\c@nlinenum=\count313
\TeXr@lab=\toks37
) (/usr/local/texlive/2020/texmf-dist/tex/latex/natbib/natbib.sty
Package: natbib 2010/09/13 8.31b (PWD, AO)
\bibhang=\skip72
\bibsep=\skip73
LaTeX Info: Redefining \cite on input line 694.
\c@NAT@ctr=\count314
) (./supervision-guide.aux)
\openout1 = `supervision-guide.aux'.

LaTeX Font Info:    Checking defaults for OML/cmm/m/it on input line 144.
LaTeX Font Info:    ... okay on input line 144.
LaTeX Font Info:    Checking defaults for OMS/cmsy/m/n on input line 144.
LaTeX Font Info:    ... okay on input line 144.
LaTeX Font Info:    Checking defaults for OT1/cmr/m/n on input line 144.
LaTeX Font Info:    ... okay on input line 144.
LaTeX Font Info:    Checking defaults for T1/cmr/m/n on input line 144.
LaTeX Font Info:    ... okay on input line 144.
LaTeX Font Info:    Checking defaults for TS1/cmr/m/n on input line 144.
LaTeX Font Info:    ... okay on input line 144.
LaTeX Font Info:    Checking defaults for TU/lmr/m/n on input line 144.
LaTeX Font Info:    ... okay on input line 144.
LaTeX Font Info:    Checking defaults for OMX/cmex/m/n on input line 144.
LaTeX Font Info:    ... okay on input line 144.
LaTeX Font Info:    Checking defaults for U/cmr/m/n on input line 144.
LaTeX Font Info:    ... okay on input line 144.
LaTeX Font Info:    Checking defaults for PD1/pdf/m/n on input line 144.
LaTeX Font Info:    ... okay on input line 144.
LaTeX Font Info:    Checking defaults for PU/pdf/m/n on input line 144.
LaTeX Font Info:    ... okay on input line 144.
LaTeX Font Info:    Overwriting math alphabet `\mathrm' in version `normal'
(Font)                  OT1/lmr/m/n --> TU/lmr/m/n on input line 144.
LaTeX Font Info:    Overwriting math alphabet `\mathit' in version `normal'
(Font)                  OT1/lmr/m/it --> TU/lmr/m/it on input line 144.
LaTeX Font Info:    Overwriting math alphabet `\mathbf' in version `normal'
(Font)                  OT1/lmr/bx/n --> TU/lmr/bx/n on input line 144.
LaTeX Font Info:    Overwriting math alphabet `\mathsf' in version `normal'
(Font)                  OT1/lmss/m/n --> TU/lmss/m/n on input line 144.
LaTeX Font Info:    Overwriting math alphabet `\mathsf' in version `bold'
(Font)                  OT1/lmss/bx/n --> TU/lmss/bx/n on input line 144.
LaTeX Font Info:    Overwriting math alphabet `\mathtt' in version `normal'
(Font)                  OT1/lmtt/m/n --> TU/lmtt/m/n on input line 144.
LaTeX Font Info:    Overwriting math alphabet `\mathtt' in version `bold'
(Font)                  OT1/lmtt/m/n --> TU/lmtt/bx/n on input line 144.

Package fontspec Info: latinmodern-math scale = 0.9999964596882403.


Package fontspec Info: latinmodern-math scale = 0.9999964596882403.


Package fontspec Info: latinmodern-math scale = 0.9999964596882403.


Package fontspec Info: Font family 'latinmodern-math.otf(0)' created for font
(fontspec)             'latinmodern-math.otf' with options
(fontspec)             [Scale=MatchLowercase,BoldItalicFont={},ItalicFont={},Sm
allCapsFont={},Script=Math,BoldFont={latinmodern-math.otf}].
(fontspec)              
(fontspec)              This font family consists of the following NFSS
(fontspec)             series/shapes:
(fontspec)              
(fontspec)             - 'normal' (m/n) with NFSS spec.:
(fontspec)             <->s*[0.9999964596882403]"[latinmodern-math.otf]/OT:scri
pt=math;language=dflt;"
(fontspec)             - 'small caps'  (m/sc) with NFSS spec.: 
(fontspec)             - 'bold' (b/n) with NFSS spec.:
(fontspec)             <->s*[0.9999964596882403]"[latinmodern-math.otf]/OT:scri
pt=math;language=dflt;"
(fontspec)             - 'bold small caps'  (b/sc) with NFSS spec.: 

LaTeX Font Info:    Font shape `TU/latinmodern-math.otf(0)/m/n' will be
(Font)              scaled to size 10.0pt on input line 144.

Package fontspec Info: latinmodern-math scale = 0.9999964596882403.


Package fontspec Info: latinmodern-math scale = 0.9999964596882403.


Package fontspec Info: latinmodern-math scale = 0.9999964596882403.


Package fontspec Info: latinmodern-math scale = 0.9999964596882403.


Package fontspec Info: latinmodern-math scale = 0.9999964596882403.


Package fontspec Info: Font family 'latinmodern-math.otf(1)' created for font
(fontspec)             'latinmodern-math.otf' with options
(fontspec)             [Scale=MatchLowercase,BoldItalicFont={},ItalicFont={},Sm
allCapsFont={},Script=Math,SizeFeatures={{Size=8.5-},{Size=6-8.5,Font=latinmode
rn-math.otf,Style=MathScript},{Size=-6,Font=latinmodern-math.otf,Style=MathScri
ptScript}},BoldFont={latinmodern-math.otf}].
(fontspec)              
(fontspec)              This font family consists of the following NFSS
(fontspec)             series/shapes:
(fontspec)              
(fontspec)             - 'normal' (m/n) with NFSS spec.:
(fontspec)             <8.5->s*[0.9999964596882403]"[latinmodern-math.otf]/OT:s
cript=math;language=dflt;"<6-8.5>s*[0.9999964596882403]"[latinmodern-math.otf]/
OT:script=math;language=dflt;+ssty=0;"<-6>s*[0.9999964596882403]"[latinmodern-m
ath.otf]/OT:script=math;language=dflt;+ssty=1;"
(fontspec)             - 'small caps'  (m/sc) with NFSS spec.: 
(fontspec)             - 'bold' (b/n) with NFSS spec.:
(fontspec)             <->s*[0.9999964596882403]"[latinmodern-math.otf]/OT:scri
pt=math;language=dflt;"
(fontspec)             - 'bold small caps'  (b/sc) with NFSS spec.: 

LaTeX Font Info:    Font shape `TU/latinmodern-math.otf(1)/m/n' will be
(Font)              scaled to size 10.0pt on input line 144.
LaTeX Font Info:    Encoding `OT1' has changed to `TU' for symbol font
(Font)              `operators' in the math version `normal' on input line 144.

LaTeX Font Info:    Overwriting symbol font `operators' in version `normal'
(Font)                  OT1/lmr/m/n --> TU/latinmodern-math.otf(1)/m/n on input
 line 144.
LaTeX Font Info:    Encoding `OT1' has changed to `TU' for symbol font
(Font)              `operators' in the math version `bold' on input line 144.
LaTeX Font Info:    Overwriting symbol font `operators' in version `bold'
(Font)                  OT1/lmr/bx/n --> TU/latinmodern-math.otf(1)/b/n on inpu
t line 144.

Package fontspec Info: latinmodern-math scale = 0.9999964596882403.


Package fontspec Info: latinmodern-math scale = 1.000096459334209.


Package fontspec Info: latinmodern-math scale = 0.9999964596882403.


Package fontspec Info: latinmodern-math scale = 1.000096459334209.


Package fontspec Info: latinmodern-math scale = 0.9999964596882403.


Package fontspec Info: latinmodern-math scale = 1.000096459334209.


Package fontspec Info: latinmodern-math scale = 0.9999964596882403.


Package fontspec Info: latinmodern-math scale = 1.000096459334209.


Package fontspec Info: latinmodern-math scale = 0.9999964596882403.


Package fontspec Info: latinmodern-math scale = 1.000096459334209.


Package fontspec Info: Font family 'latinmodern-math.otf(2)' created for font
(fontspec)             'latinmodern-math.otf' with options
(fontspec)             [Scale=MatchLowercase,BoldItalicFont={},ItalicFont={},Sm
allCapsFont={},Script=Math,SizeFeatures={{Size=8.5-},{Size=6-8.5,Font=latinmode
rn-math.otf,Style=MathScript},{Size=-6,Font=latinmodern-math.otf,Style=MathScri
ptScript}},BoldFont={latinmodern-math.otf},ScaleAgain=1.0001,FontAdjustment={\f
ontdimen
(fontspec)             8\font =6.77pt\relax \fontdimen 9\font =3.94pt\relax
(fontspec)             \fontdimen 10\font =4.44pt\relax \fontdimen 11\font
(fontspec)             =6.86pt\relax \fontdimen 12\font =3.45pt\relax
(fontspec)             \fontdimen 13\font =3.63pt\relax \fontdimen 14\font
(fontspec)             =3.63pt\relax \fontdimen 15\font =2.89pt\relax
(fontspec)             \fontdimen 16\font =2.47pt\relax \fontdimen 17\font
(fontspec)             =2.47pt\relax \fontdimen 18\font =2.5pt\relax
(fontspec)             \fontdimen 19\font =2.0pt\relax \fontdimen 22\font
(fontspec)             =2.5pt\relax \fontdimen 20\font =0pt\relax \fontdimen
(fontspec)             21\font =0pt\relax }].
(fontspec)              
(fontspec)              This font family consists of the following NFSS
(fontspec)             series/shapes:
(fontspec)              
(fontspec)             - 'normal' (m/n) with NFSS spec.:
(fontspec)             <8.5->s*[1.000096459334209]"[latinmodern-math.otf]/OT:sc
ript=math;language=dflt;"<6-8.5>s*[1.000096459334209]"[latinmodern-math.otf]/OT
:script=math;language=dflt;+ssty=0;"<-6>s*[1.000096459334209]"[latinmodern-math
.otf]/OT:script=math;language=dflt;+ssty=1;"
(fontspec)             - 'small caps'  (m/sc) with NFSS spec.: 
(fontspec)             and font adjustment code:
(fontspec)             \fontdimen 8\font =6.77pt\relax \fontdimen 9\font
(fontspec)             =3.94pt\relax \fontdimen 10\font =4.44pt\relax
(fontspec)             \fontdimen 11\font =6.86pt\relax \fontdimen 12\font
(fontspec)             =3.45pt\relax \fontdimen 13\font =3.63pt\relax
(fontspec)             \fontdimen 14\font =3.63pt\relax \fontdimen 15\font
(fontspec)             =2.89pt\relax \fontdimen 16\font =2.47pt\relax
(fontspec)             \fontdimen 17\font =2.47pt\relax \fontdimen 18\font
(fontspec)             =2.5pt\relax \fontdimen 19\font =2.0pt\relax \fontdimen
(fontspec)             22\font =2.5pt\relax \fontdimen 20\font =0pt\relax
(fontspec)             \fontdimen 21\font =0pt\relax 
(fontspec)             - 'bold' (b/n) with NFSS spec.:
(fontspec)             <->s*[1.000096459334209]"[latinmodern-math.otf]/OT:scrip
t=math;language=dflt;"
(fontspec)             - 'bold small caps'  (b/sc) with NFSS spec.: 
(fontspec)             and font adjustment code:
(fontspec)             \fontdimen 8\font =6.77pt\relax \fontdimen 9\font
(fontspec)             =3.94pt\relax \fontdimen 10\font =4.44pt\relax
(fontspec)             \fontdimen 11\font =6.86pt\relax \fontdimen 12\font
(fontspec)             =3.45pt\relax \fontdimen 13\font =3.63pt\relax
(fontspec)             \fontdimen 14\font =3.63pt\relax \fontdimen 15\font
(fontspec)             =2.89pt\relax \fontdimen 16\font =2.47pt\relax
(fontspec)             \fontdimen 17\font =2.47pt\relax \fontdimen 18\font
(fontspec)             =2.5pt\relax \fontdimen 19\font =2.0pt\relax \fontdimen
(fontspec)             22\font =2.5pt\relax \fontdimen 20\font =0pt\relax
(fontspec)             \fontdimen 21\font =0pt\relax 

LaTeX Font Info:    Encoding `OMS' has changed to `TU' for symbol font
(Font)              `symbols' in the math version `normal' on input line 144.
LaTeX Font Info:    Overwriting symbol font `symbols' in version `normal'
(Font)                  OMS/lmsy/m/n --> TU/latinmodern-math.otf(2)/m/n on inpu
t line 144.
LaTeX Font Info:    Encoding `OMS' has changed to `TU' for symbol font
(Font)              `symbols' in the math version `bold' on input line 144.
LaTeX Font Info:    Overwriting symbol font `symbols' in version `bold'
(Font)                  OMS/lmsy/b/n --> TU/latinmodern-math.otf(2)/b/n on inpu
t line 144.

Package fontspec Info: latinmodern-math scale = 0.9999964596882403.


Package fontspec Info: latinmodern-math scale = 0.9998964600422715.


Package fontspec Info: latinmodern-math scale = 0.9999964596882403.


Package fontspec Info: latinmodern-math scale = 0.9998964600422715.


Package fontspec Info: latinmodern-math scale = 0.9999964596882403.


Package fontspec Info: latinmodern-math scale = 0.9998964600422715.


Package fontspec Info: latinmodern-math scale = 0.9999964596882403.


Package fontspec Info: latinmodern-math scale = 0.9998964600422715.


Package fontspec Info: latinmodern-math scale = 0.9999964596882403.


Package fontspec Info: latinmodern-math scale = 0.9998964600422715.


Package fontspec Info: Font family 'latinmodern-math.otf(3)' created for font
(fontspec)             'latinmodern-math.otf' with options
(fontspec)             [Scale=MatchLowercase,BoldItalicFont={},ItalicFont={},Sm
allCapsFont={},Script=Math,SizeFeatures={{Size=8.5-},{Size=6-8.5,Font=latinmode
rn-math.otf,Style=MathScript},{Size=-6,Font=latinmodern-math.otf,Style=MathScri
ptScript}},BoldFont={latinmodern-math.otf},ScaleAgain=0.9999,FontAdjustment={\f
ontdimen
(fontspec)             8\font =0.4pt\relax \fontdimen 9\font =2.0pt\relax
(fontspec)             \fontdimen 10\font =1.67pt\relax \fontdimen 11\font
(fontspec)             =1.11pt\relax \fontdimen 12\font =6.0pt\relax
(fontspec)             \fontdimen 13\font =0pt\relax }].
(fontspec)              
(fontspec)              This font family consists of the following NFSS
(fontspec)             series/shapes:
(fontspec)              
(fontspec)             - 'normal' (m/n) with NFSS spec.:
(fontspec)             <8.5->s*[0.9998964600422715]"[latinmodern-math.otf]/OT:s
cript=math;language=dflt;"<6-8.5>s*[0.9998964600422715]"[latinmodern-math.otf]/
OT:script=math;language=dflt;+ssty=0;"<-6>s*[0.9998964600422715]"[latinmodern-m
ath.otf]/OT:script=math;language=dflt;+ssty=1;"
(fontspec)             - 'small caps'  (m/sc) with NFSS spec.: 
(fontspec)             and font adjustment code:
(fontspec)             \fontdimen 8\font =0.4pt\relax \fontdimen 9\font
(fontspec)             =2.0pt\relax \fontdimen 10\font =1.67pt\relax
(fontspec)             \fontdimen 11\font =1.11pt\relax \fontdimen 12\font
(fontspec)             =6.0pt\relax \fontdimen 13\font =0pt\relax 
(fontspec)             - 'bold' (b/n) with NFSS spec.:
(fontspec)             <->s*[0.9998964600422715]"[latinmodern-math.otf]/OT:scri
pt=math;language=dflt;"
(fontspec)             - 'bold small caps'  (b/sc) with NFSS spec.: 
(fontspec)             and font adjustment code:
(fontspec)             \fontdimen 8\font =0.4pt\relax \fontdimen 9\font
(fontspec)             =2.0pt\relax \fontdimen 10\font =1.67pt\relax
(fontspec)             \fontdimen 11\font =1.11pt\relax \fontdimen 12\font
(fontspec)             =6.0pt\relax \fontdimen 13\font =0pt\relax 

LaTeX Font Info:    Encoding `OMX' has changed to `TU' for symbol font
(Font)              `largesymbols' in the math version `normal' on input line 1
44.
LaTeX Font Info:    Overwriting symbol font `largesymbols' in version `normal'
(Font)                  OMX/lmex/m/n --> TU/latinmodern-math.otf(3)/m/n on inpu
t line 144.
LaTeX Font Info:    Encoding `OMX' has changed to `TU' for symbol font
(Font)              `largesymbols' in the math version `bold' on input line 144
.
LaTeX Font Info:    Overwriting symbol font `largesymbols' in version `bold'
(Font)                  OMX/lmex/m/n --> TU/latinmodern-math.otf(3)/b/n on inpu
t line 144.
LaTeX Info: Redefining \microtypecontext on input line 144.
Package microtype Info: Character protrusion enabled (level 2).
Package microtype Info: Using protrusion set `basicmath'.
Package microtype Info: No adjustment of tracking.
Package microtype Info: No adjustment of spacing.
Package microtype Info: No adjustment of kerning.

(/usr/local/texlive/2020/texmf-dist/tex/latex/microtype/mt-LatinModernRoman.cfg
File: mt-LatinModernRoman.cfg 2013/03/13 v1.0 microtype config. file: Latin Mod
ern Roman (RS)
)
\AtBeginShipoutBox=\box69
Package hyperref Info: Link coloring OFF on input line 144.
(/usr/local/texlive/2020/texmf-dist/tex/latex/hyperref/nameref.sty
Package: nameref 2019/09/16 v2.46 Cross-referencing by name of section
(/usr/local/texlive/2020/texmf-dist/tex/latex/refcount/refcount.sty
Package: refcount 2019/12/15 v3.6 Data extraction from label references (HO)
)
(/usr/local/texlive/2020/texmf-dist/tex/generic/gettitlestring/gettitlestring.s
ty
Package: gettitlestring 2019/12/15 v1.6 Cleanup title references (HO)
)
\c@section@level=\count315
)
LaTeX Info: Redefining \ref on input line 144.
LaTeX Info: Redefining \pageref on input line 144.
LaTeX Info: Redefining \nameref on input line 144.
LaTeX Font Info:    Font shape `TU/latinmodern-math.otf(1)/m/n' will be
(Font)              scaled to size 12.0pt on input line 146.
LaTeX Font Info:    Font shape `TU/latinmodern-math.otf(1)/m/n' will be
(Font)              scaled to size 8.0pt on input line 146.
LaTeX Font Info:    Font shape `TU/latinmodern-math.otf(1)/m/n' will be
(Font)              scaled to size 6.0pt on input line 146.
LaTeX Font Info:    Trying to load font information for OML+lmm on input line 1
46.
(/usr/local/texlive/2020/texmf-dist/tex/latex/lm/omllmm.fd
File: omllmm.fd 2009/10/30 v1.6 Font defs for Latin Modern
)
LaTeX Font Info:    Font shape `TU/latinmodern-math.otf(2)/m/n' will be
(Font)              scaled to size 12.0011pt on input line 146.
LaTeX Font Info:    Font shape `TU/latinmodern-math.otf(2)/m/n' will be
(Font)              scaled to size 8.00073pt on input line 146.
LaTeX Font Info:    Font shape `TU/latinmodern-math.otf(2)/m/n' will be
(Font)              scaled to size 6.00055pt on input line 146.
LaTeX Font Info:    Font shape `TU/latinmodern-math.otf(3)/m/n' will be
(Font)              scaled to size 11.99872pt on input line 146.
LaTeX Font Info:    Font shape `TU/latinmodern-math.otf(3)/m/n' will be
(Font)              scaled to size 7.99915pt on input line 146.
LaTeX Font Info:    Font shape `TU/latinmodern-math.otf(3)/m/n' will be
(Font)              scaled to size 5.99936pt on input line 146.
[1


] [2

] (./supervision-guide.toc
LaTeX Font Info:    Font shape `TU/latinmodern-math.otf(1)/m/n' will be
(Font)              scaled to size 7.0pt on input line 2.
LaTeX Font Info:    Font shape `TU/latinmodern-math.otf(1)/m/n' will be
(Font)              scaled to size 5.0pt on input line 2.
LaTeX Font Info:    Font shape `TU/latinmodern-math.otf(2)/m/n' will be
(Font)              scaled to size 10.00092pt on input line 2.
LaTeX Font Info:    Font shape `TU/latinmodern-math.otf(2)/m/n' will be
(Font)              scaled to size 7.00064pt on input line 2.
LaTeX Font Info:    Font shape `TU/latinmodern-math.otf(2)/m/n' will be
(Font)              scaled to size 5.00046pt on input line 2.
LaTeX Font Info:    Font shape `TU/latinmodern-math.otf(3)/m/n' will be
(Font)              scaled to size 9.99893pt on input line 2.
LaTeX Font Info:    Font shape `TU/latinmodern-math.otf(3)/m/n' will be
(Font)              scaled to size 6.99925pt on input line 2.
LaTeX Font Info:    Font shape `TU/latinmodern-math.otf(3)/m/n' will be
(Font)              scaled to size 4.99947pt on input line 2.
[3] [4])
\tf@toc=\write4
\openout4 = `supervision-guide.toc'.

[5] [6

]
Chapter 1.
[7] [8]
Chapter 2.
[9

] [10]
Chapter 3.
[11

] [12]
Overfull \hbox (77.16905pt too wide) has occurred while \output is active
\TU/lmr/m/sl/10 3.5.  FOR A JOURNAL ARTICLE SIZE PAPER THESE ARE SOME ROUGH GUI
DELINES: \TU/lmr/m/n/10 13
 []

[13] [14]
Chapter 4.
[15

] [16]
Chapter 5.
File: images/story_flow.png Graphic file (type bmp)
<images/story_flow.png>

Underfull \vbox (badness 4505) has occurred while \output is active []

[17

] [18]
Underfull \vbox (badness 5862) has occurred while \output is active []

[19] [20] [21] [22]
Chapter 6.
[23

] [24] [25] [26

]
Chapter 7.
[27]
Overfull \hbox (0.40344pt too wide) has occurred while \output is active
\TU/lmr/m/n/10 28 \TU/lmr/m/sl/10 CHAPTER 7.  ROUGH GUIDE TO WRITING A PROBLEM 
STATEMENT
 []

[28] [29]
Underfull \hbox (badness 10000) in paragraph at lines 1276--1286

 []


Overfull \hbox (0.40344pt too wide) has occurred while \output is active
\TU/lmr/m/n/10 30 \TU/lmr/m/sl/10 CHAPTER 7.  ROUGH GUIDE TO WRITING A PROBLEM 
STATEMENT
 []

[30] [31]
Underfull \vbox (badness 1127) has occurred while \output is active []


Overfull \hbox (0.40344pt too wide) has occurred while \output is active
\TU/lmr/m/n/10 32 \TU/lmr/m/sl/10 CHAPTER 7.  ROUGH GUIDE TO WRITING A PROBLEM 
STATEMENT
 []

[32]
Overfull \hbox (22.99234pt too wide) has occurred while \output is active
\TU/lmr/m/sl/10 7.4.  SOME GENERAL NOTES ABOUT WRITING A PROBLEM STATEMENT \TU/
lmr/m/n/10 33
 []

[33]
Overfull \hbox (0.40344pt too wide) has occurred while \output is active
\TU/lmr/m/n/10 34 \TU/lmr/m/sl/10 CHAPTER 7.  ROUGH GUIDE TO WRITING A PROBLEM 
STATEMENT
 []

[34]
Overfull \hbox (22.99234pt too wide) has occurred while \output is active
\TU/lmr/m/sl/10 7.4.  SOME GENERAL NOTES ABOUT WRITING A PROBLEM STATEMENT \TU/
lmr/m/n/10 35
 []

[35]
Overfull \hbox (0.40344pt too wide) has occurred while \output is active
\TU/lmr/m/n/10 36 \TU/lmr/m/sl/10 CHAPTER 7.  ROUGH GUIDE TO WRITING A PROBLEM 
STATEMENT
 []

[36]
File: images/onion.png Graphic file (type bmp)
<images/onion.png>

Underfull \vbox (badness 10000) has occurred while \output is active []


Overfull \hbox (22.99234pt too wide) has occurred while \output is active
\TU/lmr/m/sl/10 7.4.  SOME GENERAL NOTES ABOUT WRITING A PROBLEM STATEMENT \TU/
lmr/m/n/10 37
 []

[37]
Overfull \hbox (0.40344pt too wide) has occurred while \output is active
\TU/lmr/m/n/10 38 \TU/lmr/m/sl/10 CHAPTER 7.  ROUGH GUIDE TO WRITING A PROBLEM 
STATEMENT
 []

[38]
Chapter 8.
[39

] [40]
Chapter 9.
[41

] [42]
Chapter 10.

Package hyperref Warning: Suppressing link with empty target on input line 1855
.

[43

]

Package hyperref Warning: Suppressing link with empty target on input line 1857
.


Package hyperref Warning: Suppressing link with empty target on input line 1859
.

[44]
Chapter 11.
[45

] [46] [47] [48] [49] [50] [51] [52

]
Chapter 12.
[53] [54] [55] [56

]
Chapter 13.
[57]
LaTeX Font Info:    Font shape `TU/lmtt/bx/n' in size <10> not available
(Font)              Font shape `TU/lmtt/b/n' tried instead on input line 2348.

LaTeX Font Warning: Font shape `TU/lmtt/bx/it' in size <10> not available
(Font)              Font shape `TU/lmtt/b/sl' tried instead on input line 2348.



Underfull \vbox (badness 10000) detected at line 2399
 []


Underfull \vbox (badness 10000) has occurred while \output is active []

[58] [59]
Underfull \vbox (badness 10000) detected at line 2605
 []


Underfull \vbox (badness 10000) detected at line 2605
 []

[60]
Underfull \vbox (badness 10000) detected at line 2605
 []


Underfull \vbox (badness 10000) detected at line 2605
 []

[61]
Underfull \vbox (badness 10000) detected at line 2605
 []


Underfull \vbox (badness 10000) detected at line 2605
 []

[62]
Underfull \hbox (badness 10000) in paragraph at lines 2612--2614
\TU/lmtt/m/n/10 caption = "Source: Statistics Denmark (Danmarks Statistik), own

 []

[63]
File: figures/dst-interestrates-plot-1.pdf Graphic file (type pdf)
<use figures/dst-interestrates-plot-1.pdf>
[64]
File: figures/unnamed-chunk-2-1.pdf Graphic file (type pdf)
<use figures/unnamed-chunk-2-1.pdf>
File: figures/unnamed-chunk-3-1.pdf Graphic file (type pdf)
<use figures/unnamed-chunk-3-1.pdf>
[65] [66]
File: figures/unnamed-chunk-4-1.pdf Graphic file (type pdf)
<use figures/unnamed-chunk-4-1.pdf>
[67]

LaTeX Warning: Float too large for page by 619.84944pt on input line 2933.

[68] [69] [70]
Chapter 14.
[71

] [72] [73] [74] [75] [76] [77] [78]
Underfull \hbox (badness 1303) in paragraph at lines 3082--3082
[]\TU/lmr/bx/n/12 Key innovations and developments in product
 []

[79] [80] [81] [82] [83]

LaTeX Warning: Reference `fig:debt-composition-dk-all-term' on page 84 undefine
d on input line 3196.

File: figures/unnamed-chunk-8-1.pdf Graphic file (type pdf)
<use figures/unnamed-chunk-8-1.pdf>
File: figures/unnamed-chunk-8-2.pdf Graphic file (type pdf)
<use figures/unnamed-chunk-8-2.pdf>

Overfull \hbox (2.21277pt too wide) in paragraph at lines 3199--3199
[][] []
 []


LaTeX Warning: Reference `fig:debt-composition-dk-all-term' on page 84 undefine
d on input line 3203.

[84]
File: figures/debt-composition-dk-det-term-1.pdf Graphic file (type pdf)
<use figures/debt-composition-dk-det-term-1.pdf>
[85]
File: figures/debt-values-dk-det-term-1.pdf Graphic file (type pdf)
<use figures/debt-values-dk-det-term-1.pdf>
File: figures/debt-composition-dk-simp-1.pdf Graphic file (type pdf)
<use figures/debt-composition-dk-simp-1.pdf>
[86]
File: figures/debt-composition-dk-simp-term-1.pdf Graphic file (type pdf)
<use figures/debt-composition-dk-simp-term-1.pdf>

Underfull \vbox (badness 10000) has occurred while \output is active []

[87]
File: figures/debt-composition-dk-simp-term-1-1.pdf Graphic file (type pdf)
<use figures/debt-composition-dk-simp-term-1-1.pdf>
[88]
File: figures/interest-rate-composition-dk-simp-1.pdf Graphic file (type pdf)
<use figures/interest-rate-composition-dk-simp-1.pdf>
[89]
File: figures/debt-service-1.pdf Graphic file (type pdf)
<use figures/debt-service-1.pdf>
[90]
Overfull \hbox (20.51001pt too wide) in paragraph at lines 3307--3320
 [][] 
 []

[91] [92]
Overfull \hbox (232.5049pt too wide) in paragraph at lines 3352--3379
 [][] 
 []

[93]
Overfull \hbox (535.98993pt too wide) in paragraph at lines 3399--3440
 [][] 
 []

[94] [95] [96] [97]
File: figures/dst-mortgage-debt-interest-1.pdf Graphic file (type pdf)
<use figures/dst-mortgage-debt-interest-1.pdf>
File: figures/dst-mortgage-debt-interest-2.pdf Graphic file (type pdf)
<use figures/dst-mortgage-debt-interest-2.pdf>
File: figures/dst-mortgage-debt-interest-3.pdf Graphic file (type pdf)
<use figures/dst-mortgage-debt-interest-3.pdf>

Underfull \hbox (badness 10000) in paragraph at lines 3506--3506
[][] []
 []

[98] [99]
File: figures/fl-fi-house-prices-national-1.pdf Graphic file (type pdf)
<use figures/fl-fi-house-prices-national-1.pdf>
File: figures/fl-fi-house-prices-regional-1.pdf Graphic file (type pdf)
<use figures/fl-fi-house-prices-regional-1.pdf>

Underfull \vbox (badness 10000) has occurred while \output is active []

[100] [101] [102] [103]

LaTeX Warning: Reference `fig:fl-fi-sfc-plot-gdp-indicators_s1_s2' on page 104 
undefined on input line 3640.


LaTeX Warning: Reference `fig:fl-fi-sfc-plot-gdp-indicators_s3_s4' on page 104 
undefined on input line 3640.

[104]
File: figures/fl-fi-sfc-plot-gdp-indicators-s1-s2-1.pdf Graphic file (type pdf)

<use figures/fl-fi-sfc-plot-gdp-indicators-s1-s2-1.pdf>
File: figures/fl-fi-sfc-plot-gdp-indicators-s1-s2-2.pdf Graphic file (type pdf)

<use figures/fl-fi-sfc-plot-gdp-indicators-s1-s2-2.pdf>

Overfull \hbox (2.21277pt too wide) in paragraph at lines 3645--3645
[][] []
 []


LaTeX Warning: Reference `fig:fl-fi-sfc-plot-gdp-indicators_s3_s4' on page 105 
undefined on input line 3650.

File: figures/fl-fi-sfc-plot-gdp-indicators-s3-s4-1.pdf Graphic file (type pdf)

<use figures/fl-fi-sfc-plot-gdp-indicators-s3-s4-1.pdf>
File: figures/fl-fi-sfc-plot-gdp-indicators-s3-s4-2.pdf Graphic file (type pdf)

<use figures/fl-fi-sfc-plot-gdp-indicators-s3-s4-2.pdf>

Overfull \hbox (2.21277pt too wide) in paragraph at lines 3653--3653
[][] []
 []


Underfull \vbox (badness 10000) has occurred while \output is active []

[105]
File: figures/fl-fi-sfc-plot-nl-S1-S4-1.pdf Graphic file (type pdf)
<use figures/fl-fi-sfc-plot-nl-S1-S4-1.pdf>

Underfull \vbox (badness 10000) has occurred while \output is active []

[106] [107]
File: figures/fl-fi-sfc-plot-hh-indicators-ibatr-1.pdf Graphic file (type pdf)
<use figures/fl-fi-sfc-plot-hh-indicators-ibatr-1.pdf>
[108]
File: figures/fl-fi-sfc-plot-hh-indicators-nl-1.pdf Graphic file (type pdf)
<use figures/fl-fi-sfc-plot-hh-indicators-nl-1.pdf>

Underfull \vbox (badness 10000) has occurred while \output is active []

[109] [110]
File: figures/fl-fi-sfc-plot-hh-indicators-y-1.pdf Graphic file (type pdf)
<use figures/fl-fi-sfc-plot-hh-indicators-y-1.pdf>
[111]
File: figures/fl-fi-sfc-plot-hh-indicators-npir-1.pdf Graphic file (type pdf)
<use figures/fl-fi-sfc-plot-hh-indicators-npir-1.pdf>
[112]
File: figures/fl-fi-sfc-plot-hh-bs-1.pdf Graphic file (type pdf)
<use figures/fl-fi-sfc-plot-hh-bs-1.pdf>
[113] [114]
File: figures/fl-fi-sfc-plot-nfc-indicators-nl-1.pdf Graphic file (type pdf)
<use figures/fl-fi-sfc-plot-nfc-indicators-nl-1.pdf>
File: figures/fl-fi-sfc-plot-nfc-indicators-nl-actuals-1.pdf Graphic file (type
 pdf)
<use figures/fl-fi-sfc-plot-nfc-indicators-nl-actuals-1.pdf>
File: figures/fl-fi-sfc-plot-nfc-indicators-saving-1.pdf Graphic file (type pdf
)
<use figures/fl-fi-sfc-plot-nfc-indicators-saving-1.pdf>
[115] [116] [117]
File: figures/fl-fi-sfc-plot-GOV-indicators-nl-1.pdf Graphic file (type pdf)
<use figures/fl-fi-sfc-plot-GOV-indicators-nl-1.pdf>
File: figures/fl-fi-sfc-plot-GOV-indicators-savings-1.pdf Graphic file (type pd
f)
<use figures/fl-fi-sfc-plot-GOV-indicators-savings-1.pdf>

Underfull \vbox (badness 10000) has occurred while \output is active []

[118] [119]
Underfull \hbox (badness 1675) in paragraph at lines 3886--3887
[]\TU/lmr/m/n/10 Equation ([]14.21[]) describes the source of changes in $[][][
][][][]$, where
 []

File: figures/fl-fi-sfc-plot-row-indicators-nibtr-1.pdf Graphic file (type pdf)

<use figures/fl-fi-sfc-plot-row-indicators-nibtr-1.pdf>
[120]
File: figures/fl-fi-sfc-plot-row-indicators-savings-1.pdf Graphic file (type pd
f)
<use figures/fl-fi-sfc-plot-row-indicators-savings-1.pdf>
[121] [122]
File: figures/fl-fi-sfc-plot-fc-indicators-nl-1.pdf Graphic file (type pdf)
<use figures/fl-fi-sfc-plot-fc-indicators-nl-1.pdf>

Underfull \vbox (badness 10000) has occurred while \output is active []

[123] [124]
File: figures/fl-fi-sfc-plot-fc-indicators-saving-1.pdf Graphic file (type pdf)

<use figures/fl-fi-sfc-plot-fc-indicators-saving-1.pdf>
[125]
File: figures/fl-fi-sfc-plot-FC-bs-1.pdf Graphic file (type pdf)
<use figures/fl-fi-sfc-plot-FC-bs-1.pdf>

Underfull \vbox (badness 10000) has occurred while \output is active []

[126]
File: figures/fl-fi-sfc-plot-dk-equity-int-1.pdf Graphic file (type pdf)
<use figures/fl-fi-sfc-plot-dk-equity-int-1.pdf>
File: figures/fl-fi-sfc-plot-dk-equity-int-2.pdf Graphic file (type pdf)
<use figures/fl-fi-sfc-plot-dk-equity-int-2.pdf>

Underfull \hbox (badness 10000) in paragraph at lines 4032--4032
[][]
 []

[127] [128] [129] [130] [131] [132]
Underfull \hbox (badness 1490) in paragraph at lines 4080--4080
\TU/lmr/bx/n/12 to non-financial private sector (nominal, local
 []

File: figures/fl-fi-sfc-lt-debt-1.pdf Graphic file (type pdf)
<use figures/fl-fi-sfc-lt-debt-1.pdf>
File: figures/fl-fi-sfc-hh-debt-1.pdf Graphic file (type pdf)
<use figures/fl-fi-sfc-hh-debt-1.pdf>
File: figures/oecd-house-prices-1.pdf Graphic file (type pdf)
<use figures/oecd-house-prices-1.pdf>
File: figures/oecd-house-prices-facet-1.pdf Graphic file (type pdf)
<use figures/oecd-house-prices-facet-1.pdf>

Overfull \hbox (539.54001pt too wide) in paragraph at lines 4198--4239
 [][] 
 []


Overfull \hbox (84.73pt too wide) in paragraph at lines 4246--4321
 [][] 
 []


Overfull \hbox (37.27002pt too wide) in paragraph at lines 4329--4352
 [][] 
 []


Overfull \hbox (97.91pt too wide) in paragraph at lines 4359--4398
 [][] 
 []


Overfull \hbox (39.15002pt too wide) in paragraph at lines 4405--4426
 [][] 
 []


Overfull \hbox (41.16002pt too wide) in paragraph at lines 4433--4452
 [][] 
 []


Overfull \hbox (539.54001pt too wide) in paragraph at lines 4462--4521
 [][] 
 []


Overfull \hbox (91.26pt too wide) in paragraph at lines 4528--4619
 [][] 
 []


LaTeX Warning: Float too large for page by 36.64973pt on input line 4619.


Overfull \hbox (38.29001pt too wide) in paragraph at lines 4626--4663
 [][] 
 []


Overfull \hbox (97.91pt too wide) in paragraph at lines 4670--4721
 [][] 
 []


Overfull \hbox (40.17001pt too wide) in paragraph at lines 4728--4755
 [][] 
 []


Overfull \hbox (42.18001pt too wide) in paragraph at lines 4762--4785
 [][] 
 []


Overfull \hbox (544.54001pt too wide) in paragraph at lines 4795--4842
 [][] 
 []


Overfull \hbox (83.06pt too wide) in paragraph at lines 4849--4906
 [][] 
 []


Overfull \hbox (32.27002pt too wide) in paragraph at lines 4913--4936
 [][] 
 []


Overfull \hbox (97.91pt too wide) in paragraph at lines 4943--4972
 [][] 
 []


Overfull \hbox (34.15002pt too wide) in paragraph at lines 4979--5000
 [][] 
 []


Overfull \hbox (36.16002pt too wide) in paragraph at lines 5007--5026
 [][] 
 []


Overfull \hbox (539.54001pt too wide) in paragraph at lines 5036--5103
 [][] 
 []


Overfull \hbox (89.59pt too wide) in paragraph at lines 5110--5197
 [][] 
 []


LaTeX Warning: Float too large for page by 11.84975pt on input line 5197.


Overfull \hbox (33.29001pt too wide) in paragraph at lines 5204--5241
 [][] 
 []


Overfull \hbox (97.91pt too wide) in paragraph at lines 5248--5299
 [][] 
 []


Overfull \hbox (35.17001pt too wide) in paragraph at lines 5306--5333
 [][] 
 []


Overfull \hbox (42.18001pt too wide) in paragraph at lines 5340--5363
 [][] 
 []


Overfull \hbox (539.54001pt too wide) in paragraph at lines 5373--5414
 [][] 
 []


Overfull \hbox (84.73pt too wide) in paragraph at lines 5421--5496
 [][] 
 []


Overfull \hbox (37.27002pt too wide) in paragraph at lines 5503--5526
 [][] 
 []


Overfull \hbox (97.91pt too wide) in paragraph at lines 5533--5572
 [][] 
 []


Overfull \hbox (39.15002pt too wide) in paragraph at lines 5579--5600
 [][] 
 []


Overfull \hbox (41.16002pt too wide) in paragraph at lines 5607--5626
 [][] 
 []


Overfull \hbox (539.54001pt too wide) in paragraph at lines 5636--5703
 [][] 
 []


Underfull \vbox (badness 10000) has occurred while \output is active []

[133] [134] [135] [136] [137] [138] [139] [140] [141] [142]
Underfull \vbox (badness 10000) has occurred while \output is active []

[143] [144] [145] [146] [147] [148] [149]
Overfull \hbox (91.26pt too wide) in paragraph at lines 5710--5801
 [][] 
 []


LaTeX Warning: Float too large for page by 36.64973pt on input line 5801.


Overfull \hbox (38.29001pt too wide) in paragraph at lines 5808--5845
 [][] 
 []


Overfull \hbox (97.91pt too wide) in paragraph at lines 5852--5903
 [][] 
 []


Overfull \hbox (40.17001pt too wide) in paragraph at lines 5910--5937
 [][] 
 []


Overfull \hbox (42.18001pt too wide) in paragraph at lines 5944--5967
 [][] 
 []


Overfull \hbox (541.21pt too wide) in paragraph at lines 5977--6020
 [][] 
 []


Overfull \hbox (214.44002pt too wide) in paragraph at lines 6027--6104
 [][] 
 []


Overfull \hbox (32.27002pt too wide) in paragraph at lines 6111--6134
 [][] 
 []


Overfull \hbox (97.91pt too wide) in paragraph at lines 6141--6180
 [][] 
 []


Overfull \hbox (39.15002pt too wide) in paragraph at lines 6187--6208
 [][] 
 []


Overfull \hbox (36.16002pt too wide) in paragraph at lines 6215--6234
 [][] 
 []


Overfull \hbox (541.21pt too wide) in paragraph at lines 6244--6313
 [][] 
 []


Overfull \hbox (220.97002pt too wide) in paragraph at lines 6320--6413
 [][] 
 []


LaTeX Warning: Float too large for page by 49.04973pt on input line 6413.


Overfull \hbox (38.29001pt too wide) in paragraph at lines 6420--6457
 [][] 
 []


Overfull \hbox (97.91pt too wide) in paragraph at lines 6464--6515
 [][] 
 []


Overfull \hbox (40.17001pt too wide) in paragraph at lines 6522--6549
 [][] 
 []


Overfull \hbox (42.18001pt too wide) in paragraph at lines 6556--6579
 [][] 
 []

File: figures/fl-fi-sfc-Savings-extra-1.pdf Graphic file (type pdf)
<use figures/fl-fi-sfc-Savings-extra-1.pdf>

Overfull \vbox (394.30284pt too high) has occurred while \output is active []

[150] [151] [152] [153] [154] [155] [156] [157]
File: figures/fl-fi-sfc-Yd-extra-1.pdf Graphic file (type pdf)
<use figures/fl-fi-sfc-Yd-extra-1.pdf>
File: figures/fl-fi-sfc-INV-extra-1.pdf Graphic file (type pdf)
<use figures/fl-fi-sfc-INV-extra-1.pdf>

Underfull \vbox (badness 10000) has occurred while \output is active []

[158] [159] [160] [161] [162] [163] [164] [165]
File: figures/fl-fi-sfc-NIB-extra-1.pdf Graphic file (type pdf)
<use figures/fl-fi-sfc-NIB-extra-1.pdf>
File: figures/fl-fi-sfc-passive-FC-HH-1.pdf Graphic file (type pdf)
<use figures/fl-fi-sfc-passive-FC-HH-1.pdf>
File: figures/fl-fi-sfc-passive-FC-HH-2.pdf Graphic file (type pdf)
<use figures/fl-fi-sfc-passive-FC-HH-2.pdf>

Overfull \hbox (2.21277pt too wide) in paragraph at lines 6609--6609
[][] []
 []


Underfull \vbox (badness 10000) has occurred while \output is active []

[166] [167] [168]
File: figures/fl-fi-sfc-plot-fnw-1.pdf Graphic file (type pdf)
<use figures/fl-fi-sfc-plot-fnw-1.pdf>
File: figures/fl-fi-sfc-plot-k-1.pdf Graphic file (type pdf)
<use figures/fl-fi-sfc-plot-k-1.pdf>

Underfull \vbox (badness 10000) has occurred while \output is active []

[169]
File: figures/fl-fi-sfc-plot-fin-tr-HH-1.pdf Graphic file (type pdf)
<use figures/fl-fi-sfc-plot-fin-tr-HH-1.pdf>
File: figures/fl-fi-sfc-plot-fin-tr-NFC-1.pdf Graphic file (type pdf)
<use figures/fl-fi-sfc-plot-fin-tr-NFC-1.pdf>
[170]
File: figures/fl-fi-sfc-plot-fin-tr-FC-1.pdf Graphic file (type pdf)
<use figures/fl-fi-sfc-plot-fin-tr-FC-1.pdf>
File: figures/fl-fi-sfc-plot-fin-tr-GOV-1.pdf Graphic file (type pdf)
<use figures/fl-fi-sfc-plot-fin-tr-GOV-1.pdf>
File: figures/fl-fi-sfc-plot-fin-tr-ROW-1.pdf Graphic file (type pdf)
<use figures/fl-fi-sfc-plot-fin-tr-ROW-1.pdf>
File: figures/fl-fi-sfc-plot-a-l-f-1.pdf Graphic file (type pdf)
<use figures/fl-fi-sfc-plot-a-l-f-1.pdf>

Underfull \vbox (badness 10000) has occurred while \output is active []

[171] [172]
Underfull \vbox (badness 10000) has occurred while \output is active []

[173]
File: figures/fl-fi-sfc-plot-ibl-h-1.pdf Graphic file (type pdf)
<use figures/fl-fi-sfc-plot-ibl-h-1.pdf>

Underfull \vbox (badness 10000) has occurred while \output is active []

[174]
Overfull \hbox (916.56003pt too wide) in paragraph at lines 6696--7075
 [][] 
 []


Underfull \vbox (badness 10000) has occurred while \output is active []

[175]
Overfull \vbox (1786.19885pt too high) has occurred while \output is active []

[176] [177] [178] [179] [180]
File: figures/sben-all-dk-1.pdf Graphic file (type pdf)
<use figures/sben-all-dk-1.pdf>
[181]
File: figures/old-age-public-spend-1.pdf Graphic file (type pdf)
<use figures/old-age-public-spend-1.pdf>
[182]
Underfull \vbox (badness 10000) has occurred while \output is active []

[183] [184] [185] [186] [187] [188] [189] [190] [191] [192] [193] [194] [195] [
196] [197] [198] [199] [200]
Overfull \hbox (464.71002pt too wide) in paragraph at lines 8156--8353
 [][] 
 []


Underfull \vbox (badness 10000) has occurred while \output is active []

[201]
Overfull \vbox (657.79941pt too high) has occurred while \output is active []

[202] (./supervision-guide.bbl [203] [204

] [205] [206] [207])
Package atveryend Info: Empty hook `BeforeClearDocument' on input line 8358.
[208]
Package atveryend Info: Empty hook `AfterLastShipout' on input line 8358.
(./supervision-guide.aux)
Package atveryend Info: Empty hook `AtVeryEndDocument' on input line 8358.
Package atveryend Info: Empty hook `AtEndAfterFileList' on input line 8358.

LaTeX Warning: There were undefined references.

 ) 
Here is how much of TeX's memory you used:
 21031 strings out of 479418
 383263 string characters out of 5884584
 1004269 words of memory out of 5000000
 38148 multiletter control sequences out of 15000+600000
 536487 words of font info for 75 fonts, out of 8000000 for 9000
 1348 hyphenation exceptions out of 8191
 58i,16n,118p,1848b,547s stack positions out of 5000i,500n,10000p,200000b,80000s

Output written on supervision-guide.pdf (208 pages).
